<?xml version="1.0" encoding="UTF-8"?>
<!-- Generated by org.testng.reporters.JUnitReportReporter -->
<testsuite skipped="13" hostname="DESKTOP-QL1AS75" name="com.amazon.tests.AmazonTestCases" tests="16" failures="0" timestamp="09 Apr 2020 14:59:25 GMT" time="3.347" errors="0">
  <testcase name="verifyAmazonHomePageTitle" time="0.041" classname="com.amazon.tests.AmazonTestCases"/>
  <testcase name="verifyAboutUsLabel" time="0.225" classname="com.amazon.tests.AmazonTestCases"/>
  <testcase name="verifyAboutUsClickable" time="3.081" classname="com.amazon.tests.AmazonTestCases"/>
  <testcase name="verifyCloseNavBar" classname="com.amazon.tests.AmazonTestCases">
    <skipped/>
  </testcase> <!-- verifyCloseNavBar -->
  <testcase name="verifyIconNavbarClickable" classname="com.amazon.tests.AmazonTestCases">
    <skipped/>
  </testcase> <!-- verifyIconNavbarClickable -->
  <testcase name="verifyLoginToprimeButtonClickableAnd_BackToAmazonHomePage" classname="com.amazon.tests.AmazonTestCases">
    <skipped/>
  </testcase> <!-- verifyLoginToprimeButtonClickableAnd_BackToAmazonHomePage -->
  <testcase name="verifyTryPrimeClickable" classname="com.amazon.tests.AmazonTestCases">
    <skipped/>
  </testcase> <!-- verifyTryPrimeClickable -->
  <testcase name="verifyAmazonLogo" classname="com.amazon.tests.AmazonTestCases">
    <skipped/>
  </testcase> <!-- verifyAmazonLogo -->
  <testcase name="verifyTryPrimeLabel" classname="com.amazon.tests.AmazonTestCases">
    <skipped/>
  </testcase> <!-- verifyTryPrimeLabel -->
  <testcase name="verifyLoginToPrimeButtonColor" classname="com.amazon.tests.AmazonTestCases">
    <skipped/>
  </testcase> <!-- verifyLoginToPrimeButtonColor -->
  <testcase name="verifyLoginToPrimeButtonTextColor" classname="com.amazon.tests.AmazonTestCases">
    <skipped/>
  </testcase> <!-- verifyLoginToPrimeButtonTextColor -->
  <testcase name="verifyLoginToPrimeButton" classname="com.amazon.tests.AmazonTestCases">
    <skipped/>
  </testcase> <!-- verifyLoginToPrimeButton -->
  <testcase name="verifyTryPrimeLabelColor" classname="com.amazon.tests.AmazonTestCases">
    <skipped/>
  </testcase> <!-- verifyTryPrimeLabelColor -->
  <testcase name="verifyTryPrimePagetitle" classname="com.amazon.tests.AmazonTestCases">
    <skipped/>
  </testcase> <!-- verifyTryPrimePagetitle -->
  <testcase name="verifyIconNavBar" classname="com.amazon.tests.AmazonTestCases">
    <skipped/>
  </testcase> <!-- verifyIconNavBar -->
  <testcase name="verifyAmazonLogoClickable" classname="com.amazon.tests.AmazonTestCases">
    <skipped/>
  </testcase> <!-- verifyAmazonLogoClickable -->
</testsuite> <!-- com.amazon.tests.AmazonTestCases -->
