<?xml version="1.0" encoding="UTF-8"?>
<!-- Generated by org.testng.reporters.JUnitReportReporter -->
<testsuite skipped="0" hostname="DESKTOP-QL1AS75" name="com.amazon.tests.HomePageTests" tests="10" failures="0" timestamp="20 Apr 2020 21:13:58 GMT" time="22.326" errors="0">
  <testcase name="verifyAmazonHomePageTitle" time="0.160" classname="com.amazon.tests.HomePageTests"/>
  <testcase name="verifyAmazonLogo" time="0.270" classname="com.amazon.tests.HomePageTests"/>
  <testcase name="verifyAmazonLogoClickable" time="4.542" classname="com.amazon.tests.HomePageTests"/>
  <testcase name="verifyTryPrimeLabel" time="0.077" classname="com.amazon.tests.HomePageTests"/>
  <testcase name="verifyTryPrimeLabelColor" time="0.071" classname="com.amazon.tests.HomePageTests"/>
  <testcase name="verifyTryPrimeClickable" time="5.480" classname="com.amazon.tests.HomePageTests"/>
  <testcase name="verifyIconNavBar" time="0.081" classname="com.amazon.tests.HomePageTests"/>
  <testcase name="verifyIconNavbarClickable" time="0.277" classname="com.amazon.tests.HomePageTests"/>
  <testcase name="verifyCloseIconNavBar" time="3.144" classname="com.amazon.tests.HomePageTests"/>
  <testcase name="verifySearchBox" time="8.224" classname="com.amazon.tests.HomePageTests"/>
</testsuite> <!-- com.amazon.tests.HomePageTests -->
