<?xml version="1.0" encoding="UTF-8"?>
<!-- Generated by org.testng.reporters.JUnitReportReporter -->
<testsuite skipped="0" hostname="DESKTOP-QL1AS75" name="com.amazon.tests.SignInPageTests" tests="16" failures="0" timestamp="18 Apr 2020 18:12:45 GMT" time="5.262" errors="0">
  <testcase name="verifyHelloSignInLabelClickable" time="0.892" classname="com.amazon.tests.SignInPageTests"/>
  <testcase name="verifyAmazonSigninPageTitle" time="0.022" classname="com.amazon.tests.SignInPageTests"/>
  <testcase name="verifyAmazonLogoOnSingInPage" time="0.150" classname="com.amazon.tests.SignInPageTests"/>
  <testcase name="verifyLoginLabel" time="0.075" classname="com.amazon.tests.SignInPageTests"/>
  <testcase name="verifyEmailOrMobilePhoneNumberLabel" time="0.055" classname="com.amazon.tests.SignInPageTests"/>
  <testcase name="verifyEmailOrPhoneField" time="0.102" classname="com.amazon.tests.SignInPageTests"/>
  <testcase name="verifyContinueButton" time="0.083" classname="com.amazon.tests.SignInPageTests"/>
  <testcase name="VerifyNeedHelpLink" time="0.055" classname="com.amazon.tests.SignInPageTests"/>
  <testcase name="verifyNeedHelpLinkClickableAndOpenDropDown" time="0.295" classname="com.amazon.tests.SignInPageTests"/>
  <testcase name="verifyValidUsername" time="0.269" classname="com.amazon.tests.SignInPageTests"/>
  <testcase name="verifyContinueButtonClickable" time="1.175" classname="com.amazon.tests.SignInPageTests"/>
  <testcase name="verifyPasswordLabel" time="0.059" classname="com.amazon.tests.SignInPageTests"/>
  <testcase name="verifyPasswordField" time="0.046" classname="com.amazon.tests.SignInPageTests"/>
  <testcase name="verifyLoginButton" time="0.054" classname="com.amazon.tests.SignInPageTests"/>
  <testcase name="verifyValidPassword" time="0.125" classname="com.amazon.tests.SignInPageTests"/>
  <testcase name="verifyLoginButtonClickable" time="1.805" classname="com.amazon.tests.SignInPageTests"/>
</testsuite> <!-- com.amazon.tests.SignInPageTests -->
