<?xml version="1.0" encoding="UTF-8"?>
<!-- Generated by org.testng.reporters.JUnitReportReporter -->
<testsuite skipped="0" hostname="DESKTOP-QL1AS75" name="com.amazon.keywords.ReadNavItemsList" tests="5" failures="0" timestamp="10 Apr 2020 09:21:52 GMT" time="0.019" errors="0">
  <testcase name="verifyNavItemsList" time="0.003" classname="com.amazon.keywords.ReadNavItemsList"/>
  <testcase name="verifyNavItemsList" time="0.001" classname="com.amazon.keywords.ReadNavItemsList"/>
  <testcase name="verifyNavItemsList" time="0.011" classname="com.amazon.keywords.ReadNavItemsList"/>
  <testcase name="verifyNavItemsList" time="0.002" classname="com.amazon.keywords.ReadNavItemsList"/>
  <testcase name="verifyNavItemsList" time="0.002" classname="com.amazon.keywords.ReadNavItemsList"/>
</testsuite> <!-- com.amazon.keywords.ReadNavItemsList -->
