<?xml version="1.0" encoding="UTF-8"?>
<!-- Generated by org.testng.reporters.JUnitReportReporter -->
<testsuite skipped="0" hostname="DESKTOP-QL1AS75" name="com.amazon.keywords.ReadCSVFile" tests="2" failures="0" timestamp="10 Apr 2020 09:03:22 GMT" time="0.014" errors="0">
  <testcase name="m1" time="0.011" classname="com.amazon.keywords.ReadCSVFile"/>
  <testcase name="m1" time="0.003" classname="com.amazon.keywords.ReadCSVFile"/>
</testsuite> <!-- com.amazon.keywords.ReadCSVFile -->
