<?xml version="1.0" encoding="UTF-8"?>
<!-- Generated by org.testng.reporters.JUnitReportReporter -->
<testsuite skipped="0" hostname="DESKTOP-QL1AS75" name="com.amazon.tests.AboutUsPageTests" tests="13" failures="0" timestamp="18 Apr 2020 19:41:19 GMT" time="11.781" errors="0">
  <testcase name="verifyAboutUsLabel" time="0.228" classname="com.amazon.tests.AboutUsPageTests"/>
  <testcase name="verifyAboutUsClickable" time="2.089" classname="com.amazon.tests.AboutUsPageTests"/>
  <testcase name="verifyAboutUsPageTitle" time="0.063" classname="com.amazon.tests.AboutUsPageTests"/>
  <testcase name="verifyAmazonLogoImage" time="0.055" classname="com.amazon.tests.AboutUsPageTests"/>
  <testcase name="verifyAmazonLogoImageClickable" time="0.685" classname="com.amazon.tests.AboutUsPageTests"/>
  <testcase name="verifyIconNavBar" time="0.419" classname="com.amazon.tests.AboutUsPageTests"/>
  <testcase name="verifyIconNavBarClickable" time="5.090" classname="com.amazon.tests.AboutUsPageTests"/>
  <testcase name="verifyNavItemsList" time="0.010" classname="com.amazon.tests.AboutUsPageTests"/>
  <testcase name="verifyNavItemsList" time="0.005" classname="com.amazon.tests.AboutUsPageTests"/>
  <testcase name="verifyNavItemsList" time="0.005" classname="com.amazon.tests.AboutUsPageTests"/>
  <testcase name="verifyNavItemsList" time="0.008" classname="com.amazon.tests.AboutUsPageTests"/>
  <testcase name="verifyNavItemsList" time="0.024" classname="com.amazon.tests.AboutUsPageTests"/>
  <testcase name="verifyCloseIconNavBar" time="3.100" classname="com.amazon.tests.AboutUsPageTests"/>
</testsuite> <!-- com.amazon.tests.AboutUsPageTests -->
