<?xml version="1.0" encoding="UTF-8"?>
<!-- Generated by org.testng.reporters.JUnitReportReporter -->
<testsuite skipped="11" hostname="DESKTOP-QL1AS75" name="com.amazon.tests.Amazon" tests="12" failures="0" timestamp="28 Mar 2020 07:52:12 GMT" time="14.668" errors="1">
  <testcase name="launchBrowser" time="14.654" classname="com.amazon.tests.Amazon">
    <error type="java.lang.ExceptionInInitializerError">
      <![CDATA[java.lang.ExceptionInInitializerError
at com.amazon.keywords.Keywords.openBrowser(Keywords.java:31)
at com.amazon.tests.Amazon.launchBrowser(Amazon.java:13)
at sun.reflect.NativeMethodAccessorImpl.invoke0(Native Method)
at sun.reflect.NativeMethodAccessorImpl.invoke(Unknown Source)
at sun.reflect.DelegatingMethodAccessorImpl.invoke(Unknown Source)
at java.lang.reflect.Method.invoke(Unknown Source)
at org.testng.internal.MethodInvocationHelper.invokeMethod(MethodInvocationHelper.java:124)
at org.testng.internal.MethodInvocationHelper.invokeMethodConsideringTimeout(MethodInvocationHelper.java:59)
at org.testng.internal.Invoker.invokeConfigurationMethod(Invoker.java:458)
at org.testng.internal.Invoker.invokeConfigurations(Invoker.java:222)
at org.testng.internal.Invoker.invokeConfigurations(Invoker.java:142)
at org.testng.TestRunner.beforeRun(TestRunner.java:529)
at org.testng.TestRunner.run(TestRunner.java:497)
at org.testng.SuiteRunner.runTest(SuiteRunner.java:455)
at org.testng.SuiteRunner.runSequentially(SuiteRunner.java:450)
at org.testng.SuiteRunner.privateRun(SuiteRunner.java:415)
at org.testng.SuiteRunner.run(SuiteRunner.java:364)
at org.testng.SuiteRunnerWorker.runSuite(SuiteRunnerWorker.java:52)
at org.testng.SuiteRunnerWorker.run(SuiteRunnerWorker.java:84)
at org.testng.TestNG.runSuitesSequentially(TestNG.java:1208)
at org.testng.TestNG.runSuitesLocally(TestNG.java:1137)
at org.testng.TestNG.runSuites(TestNG.java:1049)
at org.testng.TestNG.run(TestNG.java:1017)
at org.testng.remote.AbstractRemoteTestNG.run(AbstractRemoteTestNG.java:115)
at org.testng.remote.RemoteTestNG.initAndRun(RemoteTestNG.java:251)
at org.testng.remote.RemoteTestNG.main(RemoteTestNG.java:77)
Caused by: java.lang.NullPointerException
at com.amazon.keywords.Constants.<clinit>(Constants.java:10)
... 26 more
]]>
    </error>
  </testcase> <!-- launchBrowser -->
  <testcase name="verifyPageTitleTest" time="0.000" classname="com.amazon.tests.Amazon">
    <skipped/>
  </testcase> <!-- verifyPageTitleTest -->
  <testcase name="verifyAmazonLogo" time="0.000" classname="com.amazon.tests.Amazon">
    <skipped/>
  </testcase> <!-- verifyAmazonLogo -->
  <testcase name="verifyAmazonLogoColor" time="0.000" classname="com.amazon.tests.Amazon">
    <skipped/>
  </testcase> <!-- verifyAmazonLogoColor -->
  <testcase name="verifyAmazonLogoClickable" time="0.000" classname="com.amazon.tests.Amazon">
    <skipped/>
  </testcase> <!-- verifyAmazonLogoClickable -->
  <testcase name="verifyTryPrimeLabel" time="0.000" classname="com.amazon.tests.Amazon">
    <skipped/>
  </testcase> <!-- verifyTryPrimeLabel -->
  <testcase name="verifyTryPrimeLabelColor" time="0.000" classname="com.amazon.tests.Amazon">
    <skipped/>
  </testcase> <!-- verifyTryPrimeLabelColor -->
  <testcase name="verifyTryPrimeClickable" time="0.000" classname="com.amazon.tests.Amazon">
    <skipped/>
  </testcase> <!-- verifyTryPrimeClickable -->
  <testcase name="verifyTryPrimePagetitle" time="0.000" classname="com.amazon.tests.Amazon">
    <skipped/>
  </testcase> <!-- verifyTryPrimePagetitle -->
  <testcase name="verifyLoginToPrimeButton" time="0.000" classname="com.amazon.tests.Amazon">
    <skipped/>
  </testcase> <!-- verifyLoginToPrimeButton -->
  <testcase name="verifyLoginToPrimeButtonColor" time="0.000" classname="com.amazon.tests.Amazon">
    <skipped/>
  </testcase> <!-- verifyLoginToPrimeButtonColor -->
  <testcase name="verifyLoginToPrimeButtonTextColor" time="0.014" classname="com.amazon.tests.Amazon">
    <skipped/>
  </testcase> <!-- verifyLoginToPrimeButtonTextColor -->
</testsuite> <!-- com.amazon.tests.Amazon -->
